You have triggered an unhandledRejection, you may have forgotten to catch a Promise rejection:
Error: Cannot find module 'cookie-parser'
Require stack:
- /root/deploy/backend/app.js
- /root/deploy/backend/server.js
    at Function.Module._resolveFilename (internal/modules/cjs/loader.js:815:15)
    at Module.Hook._require.Module.require (/root/deploy/backend/node_modules/require-in-the-middle/index.js:61:29)
    at require (internal/modules/cjs/helpers.js:74:18)
    at Object.<anonymous> (/root/deploy/backend/app.js:3:22)
    at Module._compile (internal/modules/cjs/loader.js:999:30)
    at Object.Module._extensions..js (internal/modules/cjs/loader.js:1027:10)
    at Module.load (internal/modules/cjs/loader.js:863:32)
    at Function.Module._load (internal/modules/cjs/loader.js:708:14)
    at Module.require (internal/modules/cjs/loader.js:887:19)
    at Module.Hook._require.Module.require (/root/deploy/backend/node_modules/require-in-the-middle/index.js:80:39)
You have triggered an unhandledRejection, you may have forgotten to catch a Promise rejection:
Error: Cannot find module 'cookie-parser'
Require stack:
- /root/deploy/backend/app.js
- /root/deploy/backend/server.js
    at Function.Module._resolveFilename (internal/modules/cjs/loader.js:815:15)
    at Module.Hook._require.Module.require (/root/deploy/backend/node_modules/require-in-the-middle/index.js:61:29)
    at require (internal/modules/cjs/helpers.js:74:18)
    at Object.<anonymous> (/root/deploy/backend/app.js:3:22)
    at Module._compile (internal/modules/cjs/loader.js:999:30)
    at Object.Module._extensions..js (internal/modules/cjs/loader.js:1027:10)
    at Module.load (internal/modules/cjs/loader.js:863:32)
    at Function.Module._load (internal/modules/cjs/loader.js:708:14)
    at Module.require (internal/modules/cjs/loader.js:887:19)
    at Module.Hook._require.Module.require (/root/deploy/backend/node_modules/require-in-the-middle/index.js:80:39)
You have triggered an unhandledRejection, you may have forgotten to catch a Promise rejection:
Error: Cannot find module 'cookie-parser'
Require stack:
- /root/deploy/backend/app.js
- /root/deploy/backend/server.js
    at Function.Module._resolveFilename (internal/modules/cjs/loader.js:815:15)
    at Module.Hook._require.Module.require (/root/deploy/backend/node_modules/require-in-the-middle/index.js:61:29)
    at require (internal/modules/cjs/helpers.js:74:18)
    at Object.<anonymous> (/root/deploy/backend/app.js:3:22)
    at Module._compile (internal/modules/cjs/loader.js:999:30)
    at Object.Module._extensions..js (internal/modules/cjs/loader.js:1027:10)
    at Module.load (internal/modules/cjs/loader.js:863:32)
    at Function.Module._load (internal/modules/cjs/loader.js:708:14)
    at Module.require (internal/modules/cjs/loader.js:887:19)
    at Module.Hook._require.Module.require (/root/deploy/backend/node_modules/require-in-the-middle/index.js:80:39)
You have triggered an unhandledRejection, you may have forgotten to catch a Promise rejection:
Error: Cannot find module 'cookie-parser'
Require stack:
- /root/deploy/backend/app.js
- /root/deploy/backend/server.js
    at Function.Module._resolveFilename (internal/modules/cjs/loader.js:815:15)
    at Module.Hook._require.Module.require (/root/deploy/backend/node_modules/require-in-the-middle/index.js:61:29)
    at require (internal/modules/cjs/helpers.js:74:18)
    at Object.<anonymous> (/root/deploy/backend/app.js:3:22)
    at Module._compile (internal/modules/cjs/loader.js:999:30)
    at Object.Module._extensions..js (internal/modules/cjs/loader.js:1027:10)
    at Module.load (internal/modules/cjs/loader.js:863:32)
    at Function.Module._load (internal/modules/cjs/loader.js:708:14)
    at Module.require (internal/modules/cjs/loader.js:887:19)
    at Module.Hook._require.Module.require (/root/deploy/backend/node_modules/require-in-the-middle/index.js:80:39)
You have triggered an unhandledRejection, you may have forgotten to catch a Promise rejection:
Error: Cannot find module 'cookie-parser'
Require stack:
- /root/deploy/backend/app.js
- /root/deploy/backend/server.js
    at Function.Module._resolveFilename (internal/modules/cjs/loader.js:815:15)
    at Module.Hook._require.Module.require (/root/deploy/backend/node_modules/require-in-the-middle/index.js:61:29)
    at require (internal/modules/cjs/helpers.js:74:18)
    at Object.<anonymous> (/root/deploy/backend/app.js:3:22)
    at Module._compile (internal/modules/cjs/loader.js:999:30)
    at Object.Module._extensions..js (internal/modules/cjs/loader.js:1027:10)
    at Module.load (internal/modules/cjs/loader.js:863:32)
    at Function.Module._load (internal/modules/cjs/loader.js:708:14)
    at Module.require (internal/modules/cjs/loader.js:887:19)
    at Module.Hook._require.Module.require (/root/deploy/backend/node_modules/require-in-the-middle/index.js:80:39)
You have triggered an unhandledRejection, you may have forgotten to catch a Promise rejection:
Error: Cannot find module 'cookie-parser'
Require stack:
- /root/deploy/backend/app.js
- /root/deploy/backend/server.js
    at Function.Module._resolveFilename (internal/modules/cjs/loader.js:815:15)
    at Module.Hook._require.Module.require (/root/deploy/backend/node_modules/require-in-the-middle/index.js:61:29)
    at require (internal/modules/cjs/helpers.js:74:18)
    at Object.<anonymous> (/root/deploy/backend/app.js:3:22)
    at Module._compile (internal/modules/cjs/loader.js:999:30)
    at Object.Module._extensions..js (internal/modules/cjs/loader.js:1027:10)
    at Module.load (internal/modules/cjs/loader.js:863:32)
    at Function.Module._load (internal/modules/cjs/loader.js:708:14)
    at Module.require (internal/modules/cjs/loader.js:887:19)
    at Module.Hook._require.Module.require (/root/deploy/backend/node_modules/require-in-the-middle/index.js:80:39)
You have triggered an unhandledRejection, you may have forgotten to catch a Promise rejection:
Error: Cannot find module 'cookie-parser'
Require stack:
- /root/deploy/backend/app.js
- /root/deploy/backend/server.js
    at Function.Module._resolveFilename (internal/modules/cjs/loader.js:815:15)
    at Module.Hook._require.Module.require (/root/deploy/backend/node_modules/require-in-the-middle/index.js:61:29)
    at require (internal/modules/cjs/helpers.js:74:18)
    at Object.<anonymous> (/root/deploy/backend/app.js:3:22)
    at Module._compile (internal/modules/cjs/loader.js:999:30)
    at Object.Module._extensions..js (internal/modules/cjs/loader.js:1027:10)
    at Module.load (internal/modules/cjs/loader.js:863:32)
    at Function.Module._load (internal/modules/cjs/loader.js:708:14)
    at Module.require (internal/modules/cjs/loader.js:887:19)
    at Module.Hook._require.Module.require (/root/deploy/backend/node_modules/require-in-the-middle/index.js:80:39)
You have triggered an unhandledRejection, you may have forgotten to catch a Promise rejection:
Error: Cannot find module 'cookie-parser'
Require stack:
- /root/deploy/backend/app.js
- /root/deploy/backend/server.js
    at Function.Module._resolveFilename (internal/modules/cjs/loader.js:815:15)
    at Module.Hook._require.Module.require (/root/deploy/backend/node_modules/require-in-the-middle/index.js:61:29)
    at require (internal/modules/cjs/helpers.js:74:18)
    at Object.<anonymous> (/root/deploy/backend/app.js:3:22)
    at Module._compile (internal/modules/cjs/loader.js:999:30)
    at Object.Module._extensions..js (internal/modules/cjs/loader.js:1027:10)
    at Module.load (internal/modules/cjs/loader.js:863:32)
    at Function.Module._load (internal/modules/cjs/loader.js:708:14)
    at Module.require (internal/modules/cjs/loader.js:887:19)
    at Module.Hook._require.Module.require (/root/deploy/backend/node_modules/require-in-the-middle/index.js:80:39)
